{"level":"info","message":"Listening for incoming ripple payments from Ripple REST.","timestamp":"2014-10-30T19:02:02.652Z"}
{"level":"info","message":"Running Ripple REST on http://localhost:5990","timestamp":"2014-10-30T19:02:02.663Z"}
{"level":"info","message":"Serving REST API and Angular WebApp at http :// localhost : 5000","timestamp":"2014-10-30T19:02:02.665Z"}
{"level":"error","message":"payment:incoming:error","timestamp":"2014-10-30T19:02:02.931Z"}
{"level":"error","message":"payment:incoming:error","timestamp":"2014-10-30T19:02:03.673Z"}
{"level":"error","message":"payment:incoming:error","timestamp":"2014-10-30T19:02:04.287Z"}
{"level":"error","message":"payment:incoming:error","timestamp":"2014-10-30T19:02:04.934Z"}
{"level":"error","message":"payment:incoming:error","timestamp":"2014-10-30T19:02:05.568Z"}
{"level":"error","message":"payment:incoming:error","timestamp":"2014-10-30T19:02:06.189Z"}
{"level":"error","message":"payment:incoming:error","timestamp":"2014-10-30T19:02:06.876Z"}
{"level":"error","message":"payment:incoming:error","timestamp":"2014-10-30T19:02:07.487Z"}
{"level":"error","message":"payment:incoming:error","timestamp":"2014-10-30T19:02:08.173Z"}
{"level":"error","message":"payment:incoming:error","timestamp":"2014-10-30T19:02:08.918Z"}
{"level":"error","message":"payment:incoming:error","timestamp":"2014-10-30T19:02:09.517Z"}
{"level":"error","message":"payment:incoming:error","timestamp":"2014-10-30T19:02:10.103Z"}
{"level":"error","message":"payment:incoming:error","timestamp":"2014-10-30T19:02:10.751Z"}
{"level":"error","message":"payment:incoming:error","timestamp":"2014-10-30T19:02:11.434Z"}
{"level":"error","message":"payment:incoming:error","timestamp":"2014-10-30T19:02:12.030Z"}
{"level":"error","message":"payment:incoming:error","timestamp":"2014-10-30T19:02:12.620Z"}
{"level":"error","message":"payment:incoming:error","timestamp":"2014-10-30T19:02:13.270Z"}
{"level":"error","message":"payment:incoming:error","timestamp":"2014-10-30T19:02:13.856Z"}
{"level":"error","message":"payment:incoming:error","timestamp":"2014-10-30T19:02:14.462Z"}
{"level":"error","message":"payment:incoming:error","timestamp":"2014-10-30T19:02:15.073Z"}
{"level":"info","message":"Listening for incoming ripple payments from Ripple REST.","timestamp":"2014-10-30T19:02:29.011Z"}
{"level":"info","message":"Running Ripple REST on http://localhost:5990","timestamp":"2014-10-30T19:02:29.021Z"}
{"level":"info","message":"Serving REST API and Angular WebApp at http :// localhost : 5000","timestamp":"2014-10-30T19:02:29.022Z"}
{"level":"error","message":"payment:incoming:error","timestamp":"2014-10-30T19:02:29.161Z"}
{"level":"error","message":"payment:incoming:error","timestamp":"2014-10-30T19:02:29.808Z"}
{"level":"error","message":"payment:incoming:error","timestamp":"2014-10-30T19:02:30.391Z"}
{"level":"error","message":"payment:incoming:error","timestamp":"2014-10-30T19:02:30.993Z"}
{"level":"info","message":"Listening for incoming ripple payments from Ripple REST.","timestamp":"2014-10-30T19:02:48.630Z"}
{"level":"info","message":"Running Ripple REST on http://localhost:5990","timestamp":"2014-10-30T19:02:48.654Z"}
{"level":"info","message":"Serving REST API and Angular WebApp at http :// localhost : 5000","timestamp":"2014-10-30T19:02:48.656Z"}
{"level":"error","message":"payment:incoming:error","timestamp":"2014-10-30T19:02:48.798Z"}
{"level":"info","message":"Listening for incoming ripple payments from Ripple REST.","timestamp":"2014-10-30T19:04:44.524Z"}
{"level":"error","message":"payment:incoming:error","timestamp":"2014-10-30T19:04:45.159Z"}
{"level":"error","message":"payment:incoming:error","timestamp":"2014-10-30T19:04:45.829Z"}
{"level":"error","message":"payment:incoming:error","timestamp":"2014-10-30T19:04:46.505Z"}
{"level":"error","message":"payment:incoming:error","timestamp":"2014-10-30T19:04:47.220Z"}
{"level":"error","message":"payment:incoming:error","timestamp":"2014-10-30T19:04:47.940Z"}
{"level":"error","message":"payment:incoming:error","timestamp":"2014-10-30T19:04:48.646Z"}
{"level":"info","message":"Running Ripple REST on http://localhost:5990","timestamp":"2014-10-30T19:14:01.771Z"}
{"level":"info","message":"Listening for incoming ripple payments from Ripple REST, starting at 737DB60E033B666C010A32882AB26000A3381666046EEA7ACC535CC2128359AF","timestamp":"2014-10-30T19:14:02.179Z"}
{"level":"info","message":"Running Ripple REST on http://localhost:5990","timestamp":"2014-10-30T19:14:47.620Z"}
{"level":"info","message":"Running Ripple REST on http://localhost:5990","timestamp":"2014-10-30T19:15:14.769Z"}
{"level":"info","message":"ripple rest path /Users/stevenzeiler/github/ripple/gatewayd/processes/../node_modules/ripple-rest/","timestamp":"2014-10-30T19:15:48.222Z"}
{"level":"info","message":"Running Ripple REST on http://localhost:5990","timestamp":"2014-10-30T19:15:48.227Z"}
{"level":"info","message":"ripple rest path /Users/stevenzeiler/github/ripple/gatewayd/processes/../node_modules/ripple-rest/","timestamp":"2014-10-30T19:15:59.935Z"}
{"level":"info","message":"ripple rest path /Users/stevenzeiler/github/ripple/gatewayd/processes/../node_modules/ripple-rest/","timestamp":"2014-10-30T19:15:59.940Z"}
{"level":"info","message":"Running Ripple REST on http://localhost:5990","timestamp":"2014-10-30T19:15:59.945Z"}
{"level":"info","message":"ripple rest path /Users/stevenzeiler/github/ripple/ripple-rest/","timestamp":"2014-10-30T19:16:28.859Z"}
{"level":"info","message":"ripple rest path /Users/stevenzeiler/github/ripple/ripple-rest/","timestamp":"2014-10-30T19:16:28.865Z"}
{"level":"info","message":"Running Ripple REST on http://localhost:5990","timestamp":"2014-10-30T19:16:28.870Z"}
{"level":"info","message":"ripple rest path /Users/stevenzeiler/github/ripple/ripple-rest/","timestamp":"2014-10-30T19:17:37.136Z"}
{"level":"info","message":"Running Ripple REST on http://localhost:5990","timestamp":"2014-10-30T19:17:37.140Z"}
{"level":"info","message":"ripple rest path /Users/stevenzeiler/github/ripple/ripple-rest/","timestamp":"2014-10-30T19:19:45.797Z"}
{"level":"info","message":"Running Ripple REST on http://localhost:5990","timestamp":"2014-10-30T19:19:45.801Z"}
{"level":"info","message":"ripple rest path /Users/stevenzeiler/github/ripple/ripple-rest/","timestamp":"2014-10-30T19:19:53.026Z"}
{"level":"info","message":"Running Ripple REST on http://localhost:5990","timestamp":"2014-10-30T19:19:53.031Z"}
{"level":"info","message":"ripple rest path /Users/stevenzeiler/github/ripple/ripple-rest/","timestamp":"2014-10-30T19:22:05.784Z"}
{"level":"info","message":"Running Ripple REST on http://localhost:5990","timestamp":"2014-10-30T19:22:05.789Z"}
{"level":"info","message":"Serving REST API and Angular WebApp at http :// localhost : 5000","timestamp":"2014-10-30T19:22:24.952Z"}
{"level":"info","message":"Serving REST API and Angular WebApp at http :// localhost : 5000","timestamp":"2014-10-30T19:22:39.863Z"}
{"level":"info","message":"ripple rest path /Users/stevenzeiler/github/ripple/ripple-rest/","timestamp":"2014-10-30T19:22:45.830Z"}
{"level":"info","message":"Running Ripple REST on http://localhost:5990","timestamp":"2014-10-30T19:22:45.835Z"}
{"level":"info","message":"Listening for incoming ripple payments from Ripple REST, starting at 737DB60E033B666C010A32882AB26000A3381666046EEA7ACC535CC2128359AF","timestamp":"2014-10-30T19:22:50.796Z"}
{"level":"info","message":"ripple rest path /Users/stevenzeiler/github/ripple/ripple-rest/","timestamp":"2014-10-30T19:23:05.103Z"}
{"level":"info","message":"Running Ripple REST on http://localhost:5990","timestamp":"2014-10-30T19:23:05.108Z"}
{"level":"info","message":"Listening for incoming ripple payments from Ripple REST, starting at 737DB60E033B666C010A32882AB26000A3381666046EEA7ACC535CC2128359AF","timestamp":"2014-10-30T19:26:13.571Z"}
{"level":"info","message":"INCOMING TRANSACTION","timestamp":"2014-10-30T19:27:20.364Z"}
{"Account":"r4EwBWxrx5HxYRyisfGzMto3AT8FZiYdWk","Fee":"12","Flags":131072,"LastLedgerSequence":8438888,"LimitAmount":{"currency":"CNY","issuer":"rnuF96W4SZoCJmbHYBFoJZpR8eCaxNvekK","value":"1000"},"Sequence":614,"SigningPubKey":"02D29E1ACEA956DA757638892662439E11BD8599BF1793FE00D568EFF127714CDC","TransactionType":"TrustSet","TxnSignature":"30440220578969F6C4C1247E319D1422C5389DC2ED454483DD864C8B857EB96D5C5126F30220047D0FF170DEE78EC14CB356B66A0FCCBC7EC0A2F5E6A95E5BB1BF03A018DE02","hash":"174B1AAE9D0B7FB1ABDE1BE10B66737F724BB01AC9116719E5057E94D1CF81F6","inLedger":8438881,"ledger_index":8438881,"meta":{"AffectedNodes":[{"ModifiedNode":{"FinalFields":{"Account":"r4EwBWxrx5HxYRyisfGzMto3AT8FZiYdWk","Balance":"26727411822","Flags":524288,"OwnerCount":34,"Sequence":615},"LedgerEntryType":"AccountRoot","LedgerIndex":"8D59BDB0D4F5222CA3E6F002911391938F3C7A8642125B6DE5FE449451E224FA","PreviousFields":{"Balance":"26727411834","Sequence":614},"PreviousTxnID":"EF5D38031A961C32D4170A1E7A888D57F553D36F40796C94D27C2497F6722E62","PreviousTxnLgrSeq":8438871}},{"ModifiedNode":{"FinalFields":{"Balance":{"currency":"CNY","issuer":"rrrrrrrrrrrrrrrrrrrrBZbvji","value":"-304.5000000000001"},"Flags":2228224,"HighLimit":{"currency":"CNY","issuer":"r4EwBWxrx5HxYRyisfGzMto3AT8FZiYdWk","value":"1000"},"HighNode":"0000000000000001","LowLimit":{"currency":"CNY","issuer":"rnuF96W4SZoCJmbHYBFoJZpR8eCaxNvekK","value":"0"},"LowNode":"00000000000000E9"},"LedgerEntryType":"RippleState","LedgerIndex":"EBFA2127143CE7066BF9C963AFD246BBD89B87D209F2027199330F1BB5934075","PreviousFields":{"Flags":131072,"HighLimit":{"currency":"CNY","issuer":"r4EwBWxrx5HxYRyisfGzMto3AT8FZiYdWk","value":"0"}},"PreviousTxnID":"EF5D38031A961C32D4170A1E7A888D57F553D36F40796C94D27C2497F6722E62","PreviousTxnLgrSeq":8438871}}],"TransactionIndex":0,"TransactionResult":"tesSUCCESS"},"validated":true,"date":461965050,"level":"info","message":"","timestamp":"2014-10-30T19:27:20.365Z"}
{"Account":"r4EwBWxrx5HxYRyisfGzMto3AT8FZiYdWk","Fee":"12","Flags":131072,"LastLedgerSequence":8438888,"LimitAmount":{"currency":"CNY","issuer":"rnuF96W4SZoCJmbHYBFoJZpR8eCaxNvekK","value":"1000"},"Sequence":614,"SigningPubKey":"02D29E1ACEA956DA757638892662439E11BD8599BF1793FE00D568EFF127714CDC","TransactionType":"TrustSet","TxnSignature":"30440220578969F6C4C1247E319D1422C5389DC2ED454483DD864C8B857EB96D5C5126F30220047D0FF170DEE78EC14CB356B66A0FCCBC7EC0A2F5E6A95E5BB1BF03A018DE02","hash":"174B1AAE9D0B7FB1ABDE1BE10B66737F724BB01AC9116719E5057E94D1CF81F6","inLedger":8438881,"ledger_index":8438881,"meta":{"AffectedNodes":[{"ModifiedNode":{"FinalFields":{"Account":"r4EwBWxrx5HxYRyisfGzMto3AT8FZiYdWk","Balance":"26727411822","Flags":524288,"OwnerCount":34,"Sequence":615},"LedgerEntryType":"AccountRoot","LedgerIndex":"8D59BDB0D4F5222CA3E6F002911391938F3C7A8642125B6DE5FE449451E224FA","PreviousFields":{"Balance":"26727411834","Sequence":614},"PreviousTxnID":"EF5D38031A961C32D4170A1E7A888D57F553D36F40796C94D27C2497F6722E62","PreviousTxnLgrSeq":8438871}},{"ModifiedNode":{"FinalFields":{"Balance":{"currency":"CNY","issuer":"rrrrrrrrrrrrrrrrrrrrBZbvji","value":"-304.5000000000001"},"Flags":2228224,"HighLimit":{"currency":"CNY","issuer":"r4EwBWxrx5HxYRyisfGzMto3AT8FZiYdWk","value":"1000"},"HighNode":"0000000000000001","LowLimit":{"currency":"CNY","issuer":"rnuF96W4SZoCJmbHYBFoJZpR8eCaxNvekK","value":"0"},"LowNode":"00000000000000E9"},"LedgerEntryType":"RippleState","LedgerIndex":"EBFA2127143CE7066BF9C963AFD246BBD89B87D209F2027199330F1BB5934075","PreviousFields":{"Flags":131072,"HighLimit":{"currency":"CNY","issuer":"r4EwBWxrx5HxYRyisfGzMto3AT8FZiYdWk","value":"0"}},"PreviousTxnID":"EF5D38031A961C32D4170A1E7A888D57F553D36F40796C94D27C2497F6722E62","PreviousTxnLgrSeq":8438871}}],"TransactionIndex":0,"TransactionResult":"tesSUCCESS"},"validated":true,"date":461965050,"level":"info","message":"","timestamp":"2014-10-30T19:28:41.137Z"}
{"level":"info","message":"Serving REST API and Angular WebApp at http :// localhost : 5000","timestamp":"2014-10-30T19:48:57.125Z"}
{"level":"info","message":"Listening for incoming ripple payments from Ripple REST, starting at 737DB60E033B666C010A32882AB26000A3381666046EEA7ACC535CC2128359AF","timestamp":"2014-10-30T19:48:57.129Z"}
{"level":"info","message":"ripple rest path /Users/stevenzeiler/github/ripple/ripple-rest/","timestamp":"2014-10-30T19:48:57.130Z"}
{"level":"info","message":"Running Ripple REST on http://localhost:5990","timestamp":"2014-10-30T19:48:57.134Z"}
{"level":"info","message":"Serving REST API and Angular WebApp at http :// localhost : 5000","timestamp":"2014-10-30T19:49:30.630Z"}
{"level":"info","message":"Listening for incoming ripple payments from Ripple REST, starting at 737DB60E033B666C010A32882AB26000A3381666046EEA7ACC535CC2128359AF","timestamp":"2014-10-30T19:49:30.634Z"}
{"level":"info","message":"ripple rest path /Users/stevenzeiler/github/ripple/ripple-rest/","timestamp":"2014-10-30T19:49:30.635Z"}
{"level":"info","message":"Running Ripple REST on http://localhost:5990","timestamp":"2014-10-30T19:49:30.638Z"}
{"level":"info","message":"Serving REST API and Angular WebApp at http :// localhost : 5000","timestamp":"2014-10-30T19:49:46.185Z"}
{"level":"info","message":"Listening for incoming ripple payments from Ripple REST, starting at 737DB60E033B666C010A32882AB26000A3381666046EEA7ACC535CC2128359AF","timestamp":"2014-10-30T19:49:46.189Z"}
{"level":"info","message":"ripple rest path /Users/stevenzeiler/github/ripple/ripple-rest/","timestamp":"2014-10-30T19:49:46.189Z"}
{"level":"info","message":"Running Ripple REST on http://localhost:5990","timestamp":"2014-10-30T19:49:46.193Z"}
{"level":"info","message":"Serving REST API and Angular WebApp at http :// localhost : 5000","timestamp":"2014-10-30T19:50:37.459Z"}
{"level":"info","message":"Listening for incoming ripple payments from Ripple REST, starting at 737DB60E033B666C010A32882AB26000A3381666046EEA7ACC535CC2128359AF","timestamp":"2014-10-30T19:50:37.463Z"}
{"level":"info","message":"ripple rest path /Users/stevenzeiler/github/ripple/ripple-rest/","timestamp":"2014-10-30T19:50:37.463Z"}
{"level":"info","message":"Running Ripple REST on http://localhost:5990","timestamp":"2014-10-30T19:50:37.467Z"}
{"level":"info","message":"Serving REST API and Angular WebApp at http :// localhost : 5000","timestamp":"2014-10-30T19:50:56.171Z"}
{"level":"info","message":"Listening for incoming ripple payments from Ripple REST, starting at 737DB60E033B666C010A32882AB26000A3381666046EEA7ACC535CC2128359AF","timestamp":"2014-10-30T19:50:56.175Z"}
{"level":"info","message":"ripple rest path /Users/stevenzeiler/github/ripple/ripple-rest/","timestamp":"2014-10-30T19:50:56.175Z"}
{"level":"info","message":"Running Ripple REST on http://localhost:5990","timestamp":"2014-10-30T19:50:56.179Z"}
{"level":"info","message":"Listening for incoming ripple payments from Ripple REST, starting at 737DB60E033B666C010A32882AB26000A3381666046EEA7ACC535CC2128359AF","timestamp":"2014-10-30T19:51:35.448Z"}
{"level":"info","message":"Serving REST API and Angular WebApp at http :// localhost : 5000","timestamp":"2014-10-30T19:52:19.125Z"}
{"level":"info","message":"Listening for incoming ripple payments from Ripple REST, starting at 737DB60E033B666C010A32882AB26000A3381666046EEA7ACC535CC2128359AF","timestamp":"2014-10-30T19:52:19.129Z"}
{"level":"info","message":"ripple rest path /Users/stevenzeiler/github/ripple/ripple-rest/","timestamp":"2014-10-30T19:52:19.129Z"}
{"level":"info","message":"Running Ripple REST on http://localhost:5990","timestamp":"2014-10-30T19:52:19.134Z"}
{"level":"info","message":"Serving REST API and Angular WebApp at http :// localhost : 5000","timestamp":"2014-10-30T19:52:25.187Z"}
{"level":"info","message":"Listening for incoming ripple payments from Ripple REST, starting at 737DB60E033B666C010A32882AB26000A3381666046EEA7ACC535CC2128359AF","timestamp":"2014-10-30T19:52:25.191Z"}
{"level":"info","message":"ripple rest path /Users/stevenzeiler/github/ripple/ripple-rest/","timestamp":"2014-10-30T19:52:25.191Z"}
{"level":"info","message":"Running Ripple REST on http://localhost:5990","timestamp":"2014-10-30T19:52:25.195Z"}
{"level":"info","message":"Serving REST API and Angular WebApp at http :// localhost : 5000","timestamp":"2014-10-30T19:53:03.170Z"}
{"level":"info","message":"Listening for incoming ripple payments from Ripple REST, starting at 737DB60E033B666C010A32882AB26000A3381666046EEA7ACC535CC2128359AF","timestamp":"2014-10-30T19:53:03.174Z"}
{"level":"info","message":"Sending Outgoing Payments to Ripple REST at https://api.ripple.com/","timestamp":"2014-10-30T19:53:50.173Z"}
{"level":"info","message":"Sending Outgoing Payments to Ripple REST at https://api.ripple.com/","timestamp":"2014-10-30T19:53:58.230Z"}
{"level":"info","message":"Sending Outgoing Payments to Ripple REST at https://api.ripple.com/","timestamp":"2014-10-30T19:54:13.990Z"}
{"level":"info","message":"Sending Outgoing Payments to Ripple REST at https://api.ripple.com/","timestamp":"2014-10-30T19:54:16.440Z"}
{"level":"info","message":"Serving REST API and Angular WebApp at http :// localhost : 5000","timestamp":"2014-10-30T19:54:28.408Z"}
{"level":"info","message":"Listening for incoming ripple payments from Ripple REST, starting at 737DB60E033B666C010A32882AB26000A3381666046EEA7ACC535CC2128359AF","timestamp":"2014-10-30T19:54:28.412Z"}
{"level":"info","message":"Sending Outgoing Payments to Ripple REST at https://api.ripple.com/","timestamp":"2014-10-30T19:54:28.412Z"}
{"level":"info","message":"Serving REST API and Angular WebApp at http :// localhost : 5000","timestamp":"2014-10-30T19:55:24.842Z"}
{"level":"info","message":"Sending Outgoing Payments to Ripple REST at https://api.ripple.com/","timestamp":"2014-10-30T19:55:24.843Z"}
{"Account":"r4EwBWxrx5HxYRyisfGzMto3AT8FZiYdWk","Fee":"12","Flags":131072,"LastLedgerSequence":8438888,"LimitAmount":{"currency":"CNY","issuer":"rnuF96W4SZoCJmbHYBFoJZpR8eCaxNvekK","value":"1000"},"Sequence":614,"SigningPubKey":"02D29E1ACEA956DA757638892662439E11BD8599BF1793FE00D568EFF127714CDC","TransactionType":"TrustSet","TxnSignature":"30440220578969F6C4C1247E319D1422C5389DC2ED454483DD864C8B857EB96D5C5126F30220047D0FF170DEE78EC14CB356B66A0FCCBC7EC0A2F5E6A95E5BB1BF03A018DE02","hash":"174B1AAE9D0B7FB1ABDE1BE10B66737F724BB01AC9116719E5057E94D1CF81F6","inLedger":8438881,"ledger_index":8438881,"meta":{"AffectedNodes":[{"ModifiedNode":{"FinalFields":{"Account":"r4EwBWxrx5HxYRyisfGzMto3AT8FZiYdWk","Balance":"26727411822","Flags":524288,"OwnerCount":34,"Sequence":615},"LedgerEntryType":"AccountRoot","LedgerIndex":"8D59BDB0D4F5222CA3E6F002911391938F3C7A8642125B6DE5FE449451E224FA","PreviousFields":{"Balance":"26727411834","Sequence":614},"PreviousTxnID":"EF5D38031A961C32D4170A1E7A888D57F553D36F40796C94D27C2497F6722E62","PreviousTxnLgrSeq":8438871}},{"ModifiedNode":{"FinalFields":{"Balance":{"currency":"CNY","issuer":"rrrrrrrrrrrrrrrrrrrrBZbvji","value":"-304.5000000000001"},"Flags":2228224,"HighLimit":{"currency":"CNY","issuer":"r4EwBWxrx5HxYRyisfGzMto3AT8FZiYdWk","value":"1000"},"HighNode":"0000000000000001","LowLimit":{"currency":"CNY","issuer":"rnuF96W4SZoCJmbHYBFoJZpR8eCaxNvekK","value":"0"},"LowNode":"00000000000000E9"},"LedgerEntryType":"RippleState","LedgerIndex":"EBFA2127143CE7066BF9C963AFD246BBD89B87D209F2027199330F1BB5934075","PreviousFields":{"Flags":131072,"HighLimit":{"currency":"CNY","issuer":"r4EwBWxrx5HxYRyisfGzMto3AT8FZiYdWk","value":"0"}},"PreviousTxnID":"EF5D38031A961C32D4170A1E7A888D57F553D36F40796C94D27C2497F6722E62","PreviousTxnLgrSeq":8438871}}],"TransactionIndex":0,"TransactionResult":"tesSUCCESS"},"validated":true,"date":461965050,"level":"info","message":"","timestamp":"2014-10-30T19:55:27.048Z"}
{"level":"info","message":"Monitoring Ripple for Incoming Payments to r4EwBWxrx5HxYRyisfGzMto3AT8FZiYdWkstarting at EF5D38031A961C32D4170A1E7A888D57F553D36F40796C94D27C2497F6722E62","timestamp":"2014-10-30T19:57:22.295Z"}
{"Account":"r4EwBWxrx5HxYRyisfGzMto3AT8FZiYdWk","Fee":"12","Flags":131072,"LastLedgerSequence":8438888,"LimitAmount":{"currency":"CNY","issuer":"rnuF96W4SZoCJmbHYBFoJZpR8eCaxNvekK","value":"1000"},"Sequence":614,"SigningPubKey":"02D29E1ACEA956DA757638892662439E11BD8599BF1793FE00D568EFF127714CDC","TransactionType":"TrustSet","TxnSignature":"30440220578969F6C4C1247E319D1422C5389DC2ED454483DD864C8B857EB96D5C5126F30220047D0FF170DEE78EC14CB356B66A0FCCBC7EC0A2F5E6A95E5BB1BF03A018DE02","hash":"174B1AAE9D0B7FB1ABDE1BE10B66737F724BB01AC9116719E5057E94D1CF81F6","inLedger":8438881,"ledger_index":8438881,"meta":{"AffectedNodes":[{"ModifiedNode":{"FinalFields":{"Account":"r4EwBWxrx5HxYRyisfGzMto3AT8FZiYdWk","Balance":"26727411822","Flags":524288,"OwnerCount":34,"Sequence":615},"LedgerEntryType":"AccountRoot","LedgerIndex":"8D59BDB0D4F5222CA3E6F002911391938F3C7A8642125B6DE5FE449451E224FA","PreviousFields":{"Balance":"26727411834","Sequence":614},"PreviousTxnID":"EF5D38031A961C32D4170A1E7A888D57F553D36F40796C94D27C2497F6722E62","PreviousTxnLgrSeq":8438871}},{"ModifiedNode":{"FinalFields":{"Balance":{"currency":"CNY","issuer":"rrrrrrrrrrrrrrrrrrrrBZbvji","value":"-304.5000000000001"},"Flags":2228224,"HighLimit":{"currency":"CNY","issuer":"r4EwBWxrx5HxYRyisfGzMto3AT8FZiYdWk","value":"1000"},"HighNode":"0000000000000001","LowLimit":{"currency":"CNY","issuer":"rnuF96W4SZoCJmbHYBFoJZpR8eCaxNvekK","value":"0"},"LowNode":"00000000000000E9"},"LedgerEntryType":"RippleState","LedgerIndex":"EBFA2127143CE7066BF9C963AFD246BBD89B87D209F2027199330F1BB5934075","PreviousFields":{"Flags":131072,"HighLimit":{"currency":"CNY","issuer":"r4EwBWxrx5HxYRyisfGzMto3AT8FZiYdWk","value":"0"}},"PreviousTxnID":"EF5D38031A961C32D4170A1E7A888D57F553D36F40796C94D27C2497F6722E62","PreviousTxnLgrSeq":8438871}}],"TransactionIndex":0,"TransactionResult":"tesSUCCESS"},"validated":true,"date":461965050,"level":"info","message":"","timestamp":"2014-10-30T19:57:25.220Z"}
{"level":"info","message":"Serving REST API and Angular WebApp at http :// localhost : 5000","timestamp":"2014-10-30T19:57:37.685Z"}
{"level":"info","message":"Sending Outgoing Payments to Ripple REST at https://api.ripple.com/","timestamp":"2014-10-30T19:57:37.686Z"}
{"level":"info","message":"Monitoring Ripple for Incoming Payments to r4EwBWxrx5HxYRyisfGzMto3AT8FZiYdWkstarting at EF5D38031A961C32D4170A1E7A888D57F553D36F40796C94D27C2497F6722E62","timestamp":"2014-10-30T19:57:37.689Z"}
{"Account":"r4EwBWxrx5HxYRyisfGzMto3AT8FZiYdWk","Fee":"12","Flags":131072,"LastLedgerSequence":8438888,"LimitAmount":{"currency":"CNY","issuer":"rnuF96W4SZoCJmbHYBFoJZpR8eCaxNvekK","value":"1000"},"Sequence":614,"SigningPubKey":"02D29E1ACEA956DA757638892662439E11BD8599BF1793FE00D568EFF127714CDC","TransactionType":"TrustSet","TxnSignature":"30440220578969F6C4C1247E319D1422C5389DC2ED454483DD864C8B857EB96D5C5126F30220047D0FF170DEE78EC14CB356B66A0FCCBC7EC0A2F5E6A95E5BB1BF03A018DE02","hash":"174B1AAE9D0B7FB1ABDE1BE10B66737F724BB01AC9116719E5057E94D1CF81F6","inLedger":8438881,"ledger_index":8438881,"meta":{"AffectedNodes":[{"ModifiedNode":{"FinalFields":{"Account":"r4EwBWxrx5HxYRyisfGzMto3AT8FZiYdWk","Balance":"26727411822","Flags":524288,"OwnerCount":34,"Sequence":615},"LedgerEntryType":"AccountRoot","LedgerIndex":"8D59BDB0D4F5222CA3E6F002911391938F3C7A8642125B6DE5FE449451E224FA","PreviousFields":{"Balance":"26727411834","Sequence":614},"PreviousTxnID":"EF5D38031A961C32D4170A1E7A888D57F553D36F40796C94D27C2497F6722E62","PreviousTxnLgrSeq":8438871}},{"ModifiedNode":{"FinalFields":{"Balance":{"currency":"CNY","issuer":"rrrrrrrrrrrrrrrrrrrrBZbvji","value":"-304.5000000000001"},"Flags":2228224,"HighLimit":{"currency":"CNY","issuer":"r4EwBWxrx5HxYRyisfGzMto3AT8FZiYdWk","value":"1000"},"HighNode":"0000000000000001","LowLimit":{"currency":"CNY","issuer":"rnuF96W4SZoCJmbHYBFoJZpR8eCaxNvekK","value":"0"},"LowNode":"00000000000000E9"},"LedgerEntryType":"RippleState","LedgerIndex":"EBFA2127143CE7066BF9C963AFD246BBD89B87D209F2027199330F1BB5934075","PreviousFields":{"Flags":131072,"HighLimit":{"currency":"CNY","issuer":"r4EwBWxrx5HxYRyisfGzMto3AT8FZiYdWk","value":"0"}},"PreviousTxnID":"EF5D38031A961C32D4170A1E7A888D57F553D36F40796C94D27C2497F6722E62","PreviousTxnLgrSeq":8438871}}],"TransactionIndex":0,"TransactionResult":"tesSUCCESS"},"validated":true,"date":461965050,"level":"info","message":"","timestamp":"2014-10-30T19:57:39.982Z"}
{"level":"info","message":"Processing ExternalTransactions in the \"queued\" state","timestamp":"2014-10-30T19:59:21.306Z"}
{"level":"info","message":"Processing external transactions in the \"queued\" state","timestamp":"2014-10-30T19:59:38.273Z"}
